===============================
Test Build started at: 2025-05-27 17:09:53
===============================

🔨 Running cmake and make...
-- The C compiler identification is GNU 11.4.0
-- The CXX compiler identification is GNU 11.4.0
-- Detecting C compiler ABI info
-- Detecting C compiler ABI info - done
-- Check for working C compiler: /usr/bin/cc - skipped
-- Detecting C compile features
-- Detecting C compile features - done
-- Detecting CXX compiler ABI info
-- Detecting CXX compiler ABI info - done
-- Check for working CXX compiler: /usr/bin/c++ - skipped
-- Detecting CXX compile features
-- Detecting CXX compile features - done
-- Found Python: /usr/bin/python3.10 (found version "3.10.12") found components: Interpreter 
-- Looking for pthread.h
-- Looking for pthread.h - found
-- Performing Test CMAKE_HAVE_LIBC_PTHREAD
-- Performing Test CMAKE_HAVE_LIBC_PTHREAD - Success
-- Found Threads: TRUE  
-- Configuring done
-- Generating done
-- Build files have been written to: /home/thanh/Project/Baitap_Aphong/02.Designpattern/Singleton/tests/build
/usr/bin/cmake -S/home/thanh/Project/Baitap_Aphong/02.Designpattern/Singleton/tests -B/home/thanh/Project/Baitap_Aphong/02.Designpattern/Singleton/tests/build --check-build-system CMakeFiles/Makefile.cmake 0
/usr/bin/cmake -E cmake_progress_start /home/thanh/Project/Baitap_Aphong/02.Designpattern/Singleton/tests/build/CMakeFiles /home/thanh/Project/Baitap_Aphong/02.Designpattern/Singleton/tests/build//CMakeFiles/progress.marks
make  -f CMakeFiles/Makefile2 all
make[1]: Entering directory '/home/thanh/Project/Baitap_Aphong/02.Designpattern/Singleton/tests/build'
make  -f _deps/googletest-build/googletest/CMakeFiles/gtest.dir/build.make _deps/googletest-build/googletest/CMakeFiles/gtest.dir/depend
make[2]: Entering directory '/home/thanh/Project/Baitap_Aphong/02.Designpattern/Singleton/tests/build'
cd /home/thanh/Project/Baitap_Aphong/02.Designpattern/Singleton/tests/build && /usr/bin/cmake -E cmake_depends "Unix Makefiles" /home/thanh/Project/Baitap_Aphong/02.Designpattern/Singleton/tests /home/thanh/Project/Baitap_Aphong/02.Designpattern/Singleton/tests/build/_deps/googletest-src/googletest /home/thanh/Project/Baitap_Aphong/02.Designpattern/Singleton/tests/build /home/thanh/Project/Baitap_Aphong/02.Designpattern/Singleton/tests/build/_deps/googletest-build/googletest /home/thanh/Project/Baitap_Aphong/02.Designpattern/Singleton/tests/build/_deps/googletest-build/googletest/CMakeFiles/gtest.dir/DependInfo.cmake --color=
make[2]: Leaving directory '/home/thanh/Project/Baitap_Aphong/02.Designpattern/Singleton/tests/build'
make  -f _deps/googletest-build/googletest/CMakeFiles/gtest.dir/build.make _deps/googletest-build/googletest/CMakeFiles/gtest.dir/build
make[2]: Entering directory '/home/thanh/Project/Baitap_Aphong/02.Designpattern/Singleton/tests/build'
[  9%] Building CXX object _deps/googletest-build/googletest/CMakeFiles/gtest.dir/src/gtest-all.cc.o
cd /home/thanh/Project/Baitap_Aphong/02.Designpattern/Singleton/tests/build/_deps/googletest-build/googletest && /usr/bin/c++  -I/home/thanh/Project/Baitap_Aphong/02.Designpattern/Singleton/tests/build/_deps/googletest-src/googletest/include -I/home/thanh/Project/Baitap_Aphong/02.Designpattern/Singleton/tests/build/_deps/googletest-src/googletest -Wall -Wshadow -Wno-error=dangling-else -DGTEST_HAS_PTHREAD=1 -fexceptions -Wextra -Wno-unused-parameter -Wno-missing-field-initializers -MD -MT _deps/googletest-build/googletest/CMakeFiles/gtest.dir/src/gtest-all.cc.o -MF CMakeFiles/gtest.dir/src/gtest-all.cc.o.d -o CMakeFiles/gtest.dir/src/gtest-all.cc.o -c /home/thanh/Project/Baitap_Aphong/02.Designpattern/Singleton/tests/build/_deps/googletest-src/googletest/src/gtest-all.cc
[ 18%] Linking CXX static library ../../../lib/libgtest.a
cd /home/thanh/Project/Baitap_Aphong/02.Designpattern/Singleton/tests/build/_deps/googletest-build/googletest && /usr/bin/cmake -P CMakeFiles/gtest.dir/cmake_clean_target.cmake
cd /home/thanh/Project/Baitap_Aphong/02.Designpattern/Singleton/tests/build/_deps/googletest-build/googletest && /usr/bin/cmake -E cmake_link_script CMakeFiles/gtest.dir/link.txt --verbose=1
/usr/bin/ar qc ../../../lib/libgtest.a CMakeFiles/gtest.dir/src/gtest-all.cc.o
/usr/bin/ranlib ../../../lib/libgtest.a
make[2]: Leaving directory '/home/thanh/Project/Baitap_Aphong/02.Designpattern/Singleton/tests/build'
[ 18%] Built target gtest
make  -f _deps/googletest-build/googletest/CMakeFiles/gtest_main.dir/build.make _deps/googletest-build/googletest/CMakeFiles/gtest_main.dir/depend
make[2]: Entering directory '/home/thanh/Project/Baitap_Aphong/02.Designpattern/Singleton/tests/build'
cd /home/thanh/Project/Baitap_Aphong/02.Designpattern/Singleton/tests/build && /usr/bin/cmake -E cmake_depends "Unix Makefiles" /home/thanh/Project/Baitap_Aphong/02.Designpattern/Singleton/tests /home/thanh/Project/Baitap_Aphong/02.Designpattern/Singleton/tests/build/_deps/googletest-src/googletest /home/thanh/Project/Baitap_Aphong/02.Designpattern/Singleton/tests/build /home/thanh/Project/Baitap_Aphong/02.Designpattern/Singleton/tests/build/_deps/googletest-build/googletest /home/thanh/Project/Baitap_Aphong/02.Designpattern/Singleton/tests/build/_deps/googletest-build/googletest/CMakeFiles/gtest_main.dir/DependInfo.cmake --color=
make[2]: Leaving directory '/home/thanh/Project/Baitap_Aphong/02.Designpattern/Singleton/tests/build'
make  -f _deps/googletest-build/googletest/CMakeFiles/gtest_main.dir/build.make _deps/googletest-build/googletest/CMakeFiles/gtest_main.dir/build
make[2]: Entering directory '/home/thanh/Project/Baitap_Aphong/02.Designpattern/Singleton/tests/build'
[ 27%] Building CXX object _deps/googletest-build/googletest/CMakeFiles/gtest_main.dir/src/gtest_main.cc.o
cd /home/thanh/Project/Baitap_Aphong/02.Designpattern/Singleton/tests/build/_deps/googletest-build/googletest && /usr/bin/c++  -isystem /home/thanh/Project/Baitap_Aphong/02.Designpattern/Singleton/tests/build/_deps/googletest-src/googletest/include -isystem /home/thanh/Project/Baitap_Aphong/02.Designpattern/Singleton/tests/build/_deps/googletest-src/googletest -Wall -Wshadow -Wno-error=dangling-else -DGTEST_HAS_PTHREAD=1 -fexceptions -Wextra -Wno-unused-parameter -Wno-missing-field-initializers -MD -MT _deps/googletest-build/googletest/CMakeFiles/gtest_main.dir/src/gtest_main.cc.o -MF CMakeFiles/gtest_main.dir/src/gtest_main.cc.o.d -o CMakeFiles/gtest_main.dir/src/gtest_main.cc.o -c /home/thanh/Project/Baitap_Aphong/02.Designpattern/Singleton/tests/build/_deps/googletest-src/googletest/src/gtest_main.cc
[ 36%] Linking CXX static library ../../../lib/libgtest_main.a
cd /home/thanh/Project/Baitap_Aphong/02.Designpattern/Singleton/tests/build/_deps/googletest-build/googletest && /usr/bin/cmake -P CMakeFiles/gtest_main.dir/cmake_clean_target.cmake
cd /home/thanh/Project/Baitap_Aphong/02.Designpattern/Singleton/tests/build/_deps/googletest-build/googletest && /usr/bin/cmake -E cmake_link_script CMakeFiles/gtest_main.dir/link.txt --verbose=1
/usr/bin/ar qc ../../../lib/libgtest_main.a CMakeFiles/gtest_main.dir/src/gtest_main.cc.o
/usr/bin/ranlib ../../../lib/libgtest_main.a
make[2]: Leaving directory '/home/thanh/Project/Baitap_Aphong/02.Designpattern/Singleton/tests/build'
[ 36%] Built target gtest_main
make  -f CMakeFiles/sensor_singleton_test.dir/build.make CMakeFiles/sensor_singleton_test.dir/depend
make[2]: Entering directory '/home/thanh/Project/Baitap_Aphong/02.Designpattern/Singleton/tests/build'
cd /home/thanh/Project/Baitap_Aphong/02.Designpattern/Singleton/tests/build && /usr/bin/cmake -E cmake_depends "Unix Makefiles" /home/thanh/Project/Baitap_Aphong/02.Designpattern/Singleton/tests /home/thanh/Project/Baitap_Aphong/02.Designpattern/Singleton/tests /home/thanh/Project/Baitap_Aphong/02.Designpattern/Singleton/tests/build /home/thanh/Project/Baitap_Aphong/02.Designpattern/Singleton/tests/build /home/thanh/Project/Baitap_Aphong/02.Designpattern/Singleton/tests/build/CMakeFiles/sensor_singleton_test.dir/DependInfo.cmake --color=
make[2]: Leaving directory '/home/thanh/Project/Baitap_Aphong/02.Designpattern/Singleton/tests/build'
make  -f CMakeFiles/sensor_singleton_test.dir/build.make CMakeFiles/sensor_singleton_test.dir/build
make[2]: Entering directory '/home/thanh/Project/Baitap_Aphong/02.Designpattern/Singleton/tests/build'
[ 45%] Building CXX object CMakeFiles/sensor_singleton_test.dir/Sensor_Singleton_test.cpp.o
/usr/bin/c++  -I/home/thanh/Project/Baitap_Aphong/02.Designpattern/Singleton/tests/../Inc -isystem /home/thanh/Project/Baitap_Aphong/02.Designpattern/Singleton/tests/build/_deps/googletest-src/googletest/include -isystem /home/thanh/Project/Baitap_Aphong/02.Designpattern/Singleton/tests/build/_deps/googletest-src/googletest  -MD -MT CMakeFiles/sensor_singleton_test.dir/Sensor_Singleton_test.cpp.o -MF CMakeFiles/sensor_singleton_test.dir/Sensor_Singleton_test.cpp.o.d -o CMakeFiles/sensor_singleton_test.dir/Sensor_Singleton_test.cpp.o -c /home/thanh/Project/Baitap_Aphong/02.Designpattern/Singleton/tests/Sensor_Singleton_test.cpp
/home/thanh/Project/Baitap_Aphong/02.Designpattern/Singleton/tests/Sensor_Singleton_test.cpp: In member function ‘virtual void SensorManagerSingletonTest_CollectDataUpdatesSameInstance_Test::TestBody()’:
/home/thanh/Project/Baitap_Aphong/02.Designpattern/Singleton/tests/Sensor_Singleton_test.cpp:14:9: error: ‘struct SensorManager’ has no member named ‘sensor_count’; did you mean ‘SensorCout’?
   14 |     sm->sensor_count = 2;
      |         ^~~~~~~~~~~~
      |         SensorCout
In file included from /home/thanh/Project/Baitap_Aphong/02.Designpattern/Singleton/tests/build/_deps/googletest-src/googletest/include/gtest/gtest.h:67,
                 from /home/thanh/Project/Baitap_Aphong/02.Designpattern/Singleton/tests/Sensor_Singleton_test.cpp:1:
/home/thanh/Project/Baitap_Aphong/02.Designpattern/Singleton/tests/Sensor_Singleton_test.cpp:18:19: error: ‘struct SensorManager’ has no member named ‘adc_values’; did you mean ‘AdcValues’?
   18 |     EXPECT_EQ(sm->adc_values[0], 0);
      |                   ^~~~~~~~~~
/home/thanh/Project/Baitap_Aphong/02.Designpattern/Singleton/tests/Sensor_Singleton_test.cpp:19:19: error: ‘struct SensorManager’ has no member named ‘adc_values’; did you mean ‘AdcValues’?
   19 |     EXPECT_EQ(sm->adc_values[1], 100);
      |                   ^~~~~~~~~~
make[2]: *** [CMakeFiles/sensor_singleton_test.dir/build.make:76: CMakeFiles/sensor_singleton_test.dir/Sensor_Singleton_test.cpp.o] Error 1
make[2]: Leaving directory '/home/thanh/Project/Baitap_Aphong/02.Designpattern/Singleton/tests/build'
make[1]: *** [CMakeFiles/Makefile2:137: CMakeFiles/sensor_singleton_test.dir/all] Error 2
make[1]: Leaving directory '/home/thanh/Project/Baitap_Aphong/02.Designpattern/Singleton/tests/build'
make: *** [Makefile:146: all] Error 2
✅ Build completed successfully!
❌ Test binary Sensor_Singleton_test not found or not executable!
