===============================
Test Build started at: 2025-05-29 18:35:06
===============================

üî® Running cmake and make...
-- The C compiler identification is GNU 11.4.0
-- The CXX compiler identification is GNU 11.4.0
-- Detecting C compiler ABI info
-- Detecting C compiler ABI info - done
-- Check for working C compiler: /usr/bin/cc - skipped
-- Detecting C compile features
-- Detecting C compile features - done
-- Detecting CXX compiler ABI info
-- Detecting CXX compiler ABI info - done
-- Check for working CXX compiler: /usr/bin/c++ - skipped
-- Detecting CXX compile features
-- Detecting CXX compile features - done
-- Found Python: /usr/bin/python3.10 (found version "3.10.12") found components: Interpreter 
-- Looking for pthread.h
-- Looking for pthread.h - found
-- Performing Test CMAKE_HAVE_LIBC_PTHREAD
-- Performing Test CMAKE_HAVE_LIBC_PTHREAD - Success
-- Found Threads: TRUE  
-- Configuring done
-- Generating done
-- Build files have been written to: /home/thanh/Project/Baitap_Aphong/02.Designpattern/Singleton/tests/build
/usr/bin/cmake -S/home/thanh/Project/Baitap_Aphong/02.Designpattern/Singleton/tests -B/home/thanh/Project/Baitap_Aphong/02.Designpattern/Singleton/tests/build --check-build-system CMakeFiles/Makefile.cmake 0
/usr/bin/cmake -E cmake_progress_start /home/thanh/Project/Baitap_Aphong/02.Designpattern/Singleton/tests/build/CMakeFiles /home/thanh/Project/Baitap_Aphong/02.Designpattern/Singleton/tests/build//CMakeFiles/progress.marks
make  -f CMakeFiles/Makefile2 all
make[1]: Entering directory '/home/thanh/Project/Baitap_Aphong/02.Designpattern/Singleton/tests/build'
make  -f _deps/googletest-build/googletest/CMakeFiles/gtest.dir/build.make _deps/googletest-build/googletest/CMakeFiles/gtest.dir/depend
make[2]: Entering directory '/home/thanh/Project/Baitap_Aphong/02.Designpattern/Singleton/tests/build'
cd /home/thanh/Project/Baitap_Aphong/02.Designpattern/Singleton/tests/build && /usr/bin/cmake -E cmake_depends "Unix Makefiles" /home/thanh/Project/Baitap_Aphong/02.Designpattern/Singleton/tests /home/thanh/Project/Baitap_Aphong/02.Designpattern/Singleton/tests/build/_deps/googletest-src/googletest /home/thanh/Project/Baitap_Aphong/02.Designpattern/Singleton/tests/build /home/thanh/Project/Baitap_Aphong/02.Designpattern/Singleton/tests/build/_deps/googletest-build/googletest /home/thanh/Project/Baitap_Aphong/02.Designpattern/Singleton/tests/build/_deps/googletest-build/googletest/CMakeFiles/gtest.dir/DependInfo.cmake --color=
make[2]: Leaving directory '/home/thanh/Project/Baitap_Aphong/02.Designpattern/Singleton/tests/build'
make  -f _deps/googletest-build/googletest/CMakeFiles/gtest.dir/build.make _deps/googletest-build/googletest/CMakeFiles/gtest.dir/build
make[2]: Entering directory '/home/thanh/Project/Baitap_Aphong/02.Designpattern/Singleton/tests/build'
[  9%] Building CXX object _deps/googletest-build/googletest/CMakeFiles/gtest.dir/src/gtest-all.cc.o
cd /home/thanh/Project/Baitap_Aphong/02.Designpattern/Singleton/tests/build/_deps/googletest-build/googletest && /usr/bin/c++  -I/home/thanh/Project/Baitap_Aphong/02.Designpattern/Singleton/tests/build/_deps/googletest-src/googletest/include -I/home/thanh/Project/Baitap_Aphong/02.Designpattern/Singleton/tests/build/_deps/googletest-src/googletest -Wall -Wshadow -Wno-error=dangling-else -DGTEST_HAS_PTHREAD=1 -fexceptions -Wextra -Wno-unused-parameter -Wno-missing-field-initializers -MD -MT _deps/googletest-build/googletest/CMakeFiles/gtest.dir/src/gtest-all.cc.o -MF CMakeFiles/gtest.dir/src/gtest-all.cc.o.d -o CMakeFiles/gtest.dir/src/gtest-all.cc.o -c /home/thanh/Project/Baitap_Aphong/02.Designpattern/Singleton/tests/build/_deps/googletest-src/googletest/src/gtest-all.cc
[ 18%] Linking CXX static library ../../../lib/libgtest.a
cd /home/thanh/Project/Baitap_Aphong/02.Designpattern/Singleton/tests/build/_deps/googletest-build/googletest && /usr/bin/cmake -P CMakeFiles/gtest.dir/cmake_clean_target.cmake
cd /home/thanh/Project/Baitap_Aphong/02.Designpattern/Singleton/tests/build/_deps/googletest-build/googletest && /usr/bin/cmake -E cmake_link_script CMakeFiles/gtest.dir/link.txt --verbose=1
/usr/bin/ar qc ../../../lib/libgtest.a CMakeFiles/gtest.dir/src/gtest-all.cc.o
/usr/bin/ranlib ../../../lib/libgtest.a
make[2]: Leaving directory '/home/thanh/Project/Baitap_Aphong/02.Designpattern/Singleton/tests/build'
[ 18%] Built target gtest
make  -f _deps/googletest-build/googletest/CMakeFiles/gtest_main.dir/build.make _deps/googletest-build/googletest/CMakeFiles/gtest_main.dir/depend
make[2]: Entering directory '/home/thanh/Project/Baitap_Aphong/02.Designpattern/Singleton/tests/build'
cd /home/thanh/Project/Baitap_Aphong/02.Designpattern/Singleton/tests/build && /usr/bin/cmake -E cmake_depends "Unix Makefiles" /home/thanh/Project/Baitap_Aphong/02.Designpattern/Singleton/tests /home/thanh/Project/Baitap_Aphong/02.Designpattern/Singleton/tests/build/_deps/googletest-src/googletest /home/thanh/Project/Baitap_Aphong/02.Designpattern/Singleton/tests/build /home/thanh/Project/Baitap_Aphong/02.Designpattern/Singleton/tests/build/_deps/googletest-build/googletest /home/thanh/Project/Baitap_Aphong/02.Designpattern/Singleton/tests/build/_deps/googletest-build/googletest/CMakeFiles/gtest_main.dir/DependInfo.cmake --color=
make[2]: Leaving directory '/home/thanh/Project/Baitap_Aphong/02.Designpattern/Singleton/tests/build'
make  -f _deps/googletest-build/googletest/CMakeFiles/gtest_main.dir/build.make _deps/googletest-build/googletest/CMakeFiles/gtest_main.dir/build
make[2]: Entering directory '/home/thanh/Project/Baitap_Aphong/02.Designpattern/Singleton/tests/build'
[ 27%] Building CXX object _deps/googletest-build/googletest/CMakeFiles/gtest_main.dir/src/gtest_main.cc.o
cd /home/thanh/Project/Baitap_Aphong/02.Designpattern/Singleton/tests/build/_deps/googletest-build/googletest && /usr/bin/c++  -isystem /home/thanh/Project/Baitap_Aphong/02.Designpattern/Singleton/tests/build/_deps/googletest-src/googletest/include -isystem /home/thanh/Project/Baitap_Aphong/02.Designpattern/Singleton/tests/build/_deps/googletest-src/googletest -Wall -Wshadow -Wno-error=dangling-else -DGTEST_HAS_PTHREAD=1 -fexceptions -Wextra -Wno-unused-parameter -Wno-missing-field-initializers -MD -MT _deps/googletest-build/googletest/CMakeFiles/gtest_main.dir/src/gtest_main.cc.o -MF CMakeFiles/gtest_main.dir/src/gtest_main.cc.o.d -o CMakeFiles/gtest_main.dir/src/gtest_main.cc.o -c /home/thanh/Project/Baitap_Aphong/02.Designpattern/Singleton/tests/build/_deps/googletest-src/googletest/src/gtest_main.cc
[ 36%] Linking CXX static library ../../../lib/libgtest_main.a
cd /home/thanh/Project/Baitap_Aphong/02.Designpattern/Singleton/tests/build/_deps/googletest-build/googletest && /usr/bin/cmake -P CMakeFiles/gtest_main.dir/cmake_clean_target.cmake
cd /home/thanh/Project/Baitap_Aphong/02.Designpattern/Singleton/tests/build/_deps/googletest-build/googletest && /usr/bin/cmake -E cmake_link_script CMakeFiles/gtest_main.dir/link.txt --verbose=1
/usr/bin/ar qc ../../../lib/libgtest_main.a CMakeFiles/gtest_main.dir/src/gtest_main.cc.o
/usr/bin/ranlib ../../../lib/libgtest_main.a
make[2]: Leaving directory '/home/thanh/Project/Baitap_Aphong/02.Designpattern/Singleton/tests/build'
[ 36%] Built target gtest_main
make  -f CMakeFiles/Sensor_Singleton_test.dir/build.make CMakeFiles/Sensor_Singleton_test.dir/depend
make[2]: Entering directory '/home/thanh/Project/Baitap_Aphong/02.Designpattern/Singleton/tests/build'
cd /home/thanh/Project/Baitap_Aphong/02.Designpattern/Singleton/tests/build && /usr/bin/cmake -E cmake_depends "Unix Makefiles" /home/thanh/Project/Baitap_Aphong/02.Designpattern/Singleton/tests /home/thanh/Project/Baitap_Aphong/02.Designpattern/Singleton/tests /home/thanh/Project/Baitap_Aphong/02.Designpattern/Singleton/tests/build /home/thanh/Project/Baitap_Aphong/02.Designpattern/Singleton/tests/build /home/thanh/Project/Baitap_Aphong/02.Designpattern/Singleton/tests/build/CMakeFiles/Sensor_Singleton_test.dir/DependInfo.cmake --color=
make[2]: Leaving directory '/home/thanh/Project/Baitap_Aphong/02.Designpattern/Singleton/tests/build'
make  -f CMakeFiles/Sensor_Singleton_test.dir/build.make CMakeFiles/Sensor_Singleton_test.dir/build
make[2]: Entering directory '/home/thanh/Project/Baitap_Aphong/02.Designpattern/Singleton/tests/build'
[ 45%] Building CXX object CMakeFiles/Sensor_Singleton_test.dir/Sensor_Singleton_test.cpp.o
/usr/bin/c++  -I/home/thanh/Project/Baitap_Aphong/02.Designpattern/Singleton/tests/../Inc -isystem /home/thanh/Project/Baitap_Aphong/02.Designpattern/Singleton/tests/build/_deps/googletest-src/googletest/include -isystem /home/thanh/Project/Baitap_Aphong/02.Designpattern/Singleton/tests/build/_deps/googletest-src/googletest  -MD -MT CMakeFiles/Sensor_Singleton_test.dir/Sensor_Singleton_test.cpp.o -MF CMakeFiles/Sensor_Singleton_test.dir/Sensor_Singleton_test.cpp.o.d -o CMakeFiles/Sensor_Singleton_test.dir/Sensor_Singleton_test.cpp.o -c /home/thanh/Project/Baitap_Aphong/02.Designpattern/Singleton/tests/Sensor_Singleton_test.cpp
[ 54%] Building C object CMakeFiles/Sensor_Singleton_test.dir/home/thanh/Project/Baitap_Aphong/02.Designpattern/Singleton/Src/SensorManager_Singleton.c.o
/usr/bin/cc  -I/home/thanh/Project/Baitap_Aphong/02.Designpattern/Singleton/tests/../Inc -isystem /home/thanh/Project/Baitap_Aphong/02.Designpattern/Singleton/tests/build/_deps/googletest-src/googletest/include -isystem /home/thanh/Project/Baitap_Aphong/02.Designpattern/Singleton/tests/build/_deps/googletest-src/googletest  -MD -MT CMakeFiles/Sensor_Singleton_test.dir/home/thanh/Project/Baitap_Aphong/02.Designpattern/Singleton/Src/SensorManager_Singleton.c.o -MF CMakeFiles/Sensor_Singleton_test.dir/home/thanh/Project/Baitap_Aphong/02.Designpattern/Singleton/Src/SensorManager_Singleton.c.o.d -o CMakeFiles/Sensor_Singleton_test.dir/home/thanh/Project/Baitap_Aphong/02.Designpattern/Singleton/Src/SensorManager_Singleton.c.o -c /home/thanh/Project/Baitap_Aphong/02.Designpattern/Singleton/Src/SensorManager_Singleton.c
In file included from /home/thanh/Project/Baitap_Aphong/02.Designpattern/Singleton/Src/SensorManager_Singleton.c:3:
/home/thanh/Project/Baitap_Aphong/02.Designpattern/Singleton/tests/../Inc/Uart_Driver.h:5:10: fatal error: stm32f4xx.h: No such file or directory
    5 | #include "stm32f4xx.h"
      |          ^~~~~~~~~~~~~
compilation terminated.
make[2]: *** [CMakeFiles/Sensor_Singleton_test.dir/build.make:90: CMakeFiles/Sensor_Singleton_test.dir/home/thanh/Project/Baitap_Aphong/02.Designpattern/Singleton/Src/SensorManager_Singleton.c.o] Error 1
make[2]: Leaving directory '/home/thanh/Project/Baitap_Aphong/02.Designpattern/Singleton/tests/build'
make[1]: *** [CMakeFiles/Makefile2:137: CMakeFiles/Sensor_Singleton_test.dir/all] Error 2
make[1]: Leaving directory '/home/thanh/Project/Baitap_Aphong/02.Designpattern/Singleton/tests/build'
make: *** [Makefile:146: all] Error 2
‚úÖ Build completed successfully!
‚ùå Test binary Sensor_Singleton_test not found or not executable!
